<?xml version="1.0" encoding="UTF-8"?>
<testsuite name="BullsCowsTest" tests="1" skipped="0" failures="1" errors="0" timestamp="2024-01-01T15:16:16" hostname="Grogu-5103.local" time="0.424">
  <properties/>
  <testcase name="start" classname="BullsCowsTest" time="0.424">
    <failure message="java.lang.AssertionError: Exception in test #4&#10;&#10;java.lang.StringIndexOutOfBoundsException: String index out of range: 4&#10;&#9;at java.base/java.lang.StringLatin1.charAt(StringLatin1.java:48)&#10;&#9;at java.base/java.lang.String.charAt(String.java:1517)&#10;&#9;at bullscows.Main.checkCode(Main.java:122)&#10;&#9;at bullscows.Main.main(Main.java:23)&#10;&#10;Please find below the output of your program during this failed test.&#10;Note that the '&gt;' character indicates the beginning of the input line.&#10;&#10;---&#10;&#10;Input the length of the secret code:&#10;&gt; 4&#10;Input the number of possible symbols in the code:&#10;&gt; 16&#10;&#10;dbfea&#10;The secret is prepared: **** (0-9, a-f).&#10;Okay, let's start a game!&#10;Turn 1:&#10;&gt; 0000" type="java.lang.AssertionError">java.lang.AssertionError: Exception in test #4

java.lang.StringIndexOutOfBoundsException: String index out of range: 4
	at java.base/java.lang.StringLatin1.charAt(StringLatin1.java:48)
	at java.base/java.lang.String.charAt(String.java:1517)
	at bullscows.Main.checkCode(Main.java:122)
	at bullscows.Main.main(Main.java:23)

Please find below the output of your program during this failed test.
Note that the '&gt;' character indicates the beginning of the input line.

---

Input the length of the secret code:
&gt; 4
Input the number of possible symbols in the code:
&gt; 16

dbfea
The secret is prepared: **** (0-9, a-f).
Okay, let's start a game!
Turn 1:
&gt; 0000
	at org.junit.Assert.fail(Assert.java:89)
	at org.hyperskill.hstest.stage.StageTest.start(StageTest.java:203)
	at java.base/jdk.internal.reflect.NativeMethodAccessorImpl.invoke0(Native Method)
	at java.base/jdk.internal.reflect.NativeMethodAccessorImpl.invoke(NativeMethodAccessorImpl.java:77)
	at java.base/jdk.internal.reflect.DelegatingMethodAccessorImpl.invoke(DelegatingMethodAccessorImpl.java:43)
	at java.base/java.lang.reflect.Method.invoke(Method.java:568)
	at org.junit.runners.model.FrameworkMethod$1.runReflectiveCall(FrameworkMethod.java:59)
	at org.junit.internal.runners.model.ReflectiveCallable.run(ReflectiveCallable.java:12)
	at org.junit.runners.model.FrameworkMethod.invokeExplosively(FrameworkMethod.java:56)
	at org.junit.internal.runners.statements.InvokeMethod.evaluate(InvokeMethod.java:17)
	at org.junit.runners.ParentRunner$3.evaluate(ParentRunner.java:306)
	at org.junit.runners.BlockJUnit4ClassRunner$1.evaluate(BlockJUnit4ClassRunner.java:100)
	at org.junit.runners.ParentRunner.runLeaf(ParentRunner.java:366)
	at org.junit.runners.BlockJUnit4ClassRunner.runChild(BlockJUnit4ClassRunner.java:103)
	at org.junit.runners.BlockJUnit4ClassRunner.runChild(BlockJUnit4ClassRunner.java:63)
	at org.junit.runners.ParentRunner$4.run(ParentRunner.java:331)
	at org.junit.runners.ParentRunner$1.schedule(ParentRunner.java:79)
	at org.junit.runners.ParentRunner.runChildren(ParentRunner.java:329)
	at org.junit.runners.ParentRunner.access$100(ParentRunner.java:66)
	at org.junit.runners.ParentRunner$2.evaluate(ParentRunner.java:293)
	at org.junit.runners.ParentRunner$3.evaluate(ParentRunner.java:306)
	at org.junit.runners.ParentRunner.run(ParentRunner.java:413)
	at org.gradle.api.internal.tasks.testing.junit.JUnitTestClassExecutor.runTestClass(JUnitTestClassExecutor.java:110)
	at org.gradle.api.internal.tasks.testing.junit.JUnitTestClassExecutor.execute(JUnitTestClassExecutor.java:58)
	at org.gradle.api.internal.tasks.testing.junit.JUnitTestClassExecutor.execute(JUnitTestClassExecutor.java:38)
	at org.gradle.api.internal.tasks.testing.junit.AbstractJUnitTestClassProcessor.processTestClass(AbstractJUnitTestClassProcessor.java:62)
	at org.gradle.api.internal.tasks.testing.SuiteTestClassProcessor.processTestClass(SuiteTestClassProcessor.java:51)
	at java.base/jdk.internal.reflect.NativeMethodAccessorImpl.invoke0(Native Method)
	at java.base/jdk.internal.reflect.NativeMethodAccessorImpl.invoke(NativeMethodAccessorImpl.java:77)
	at java.base/jdk.internal.reflect.DelegatingMethodAccessorImpl.invoke(DelegatingMethodAccessorImpl.java:43)
	at java.base/java.lang.reflect.Method.invoke(Method.java:568)
	at org.gradle.internal.dispatch.ReflectionDispatch.dispatch(ReflectionDispatch.java:36)
	at org.gradle.internal.dispatch.ReflectionDispatch.dispatch(ReflectionDispatch.java:24)
	at org.gradle.internal.dispatch.ContextClassLoaderDispatch.dispatch(ContextClassLoaderDispatch.java:33)
	at org.gradle.internal.dispatch.ProxyDispatchAdapter$DispatchingInvocationHandler.invoke(ProxyDispatchAdapter.java:94)
	at jdk.proxy1/jdk.proxy1.$Proxy2.processTestClass(Unknown Source)
	at org.gradle.api.internal.tasks.testing.worker.TestWorker$2.run(TestWorker.java:176)
	at org.gradle.api.internal.tasks.testing.worker.TestWorker.executeAndMaintainThreadName(TestWorker.java:129)
	at org.gradle.api.internal.tasks.testing.worker.TestWorker.execute(TestWorker.java:100)
	at org.gradle.api.internal.tasks.testing.worker.TestWorker.execute(TestWorker.java:60)
	at org.gradle.process.internal.worker.child.ActionExecutionWorker.execute(ActionExecutionWorker.java:56)
	at org.gradle.process.internal.worker.child.SystemApplicationClassLoaderWorker.call(SystemApplicationClassLoaderWorker.java:133)
	at org.gradle.process.internal.worker.child.SystemApplicationClassLoaderWorker.call(SystemApplicationClassLoaderWorker.java:71)
	at worker.org.gradle.process.internal.worker.GradleWorkerMain.run(GradleWorkerMain.java:69)
	at worker.org.gradle.process.internal.worker.GradleWorkerMain.main(GradleWorkerMain.java:74)
</failure>
  </testcase>
  <system-out><![CDATA[?[1;31m
Start test 1?[0m
Input the length of the secret code:
> 1
Input the number of possible symbols in the code:
> 10
0
The secret is prepared: * (0-9).
Okay, let's start a game!
Turn 1:
> 0
Grade: 1 bull.
Congratulations! You guessed the secret code.
?[1;31m
Start test 2?[0m
Input the length of the secret code:
> 4
Input the number of possible symbols in the code:
> 10
4126
The secret is prepared: **** (0-9).
Okay, let's start a game!
Turn 1:
> 0000
Grade: None.
Turn 2:
> 1111
Grade: 1 bull and 3 cows.
Turn 3:
> 2222
Grade: 1 bull and 3 cows.
Turn 4:
> 3333
Grade: None.
Turn 5:
> 4444
Grade: 1 bull.
Turn 6:
> 5555
Grade: None.
Turn 7:
> 6666
Grade: 1 bull and 3 cows.
Turn 8:
> 1246
Grade: 2 bulls and 1 cow.
Turn 9:
> 2146
Grade: 1 bull and 2 cows.
Turn 10:
> 4126
Grade: 2 bulls and 2 cows.
Turn 11:
> 1426
Grade: 1 bull and 2 cows.
Turn 12:
> 2416
Grade: 2 bulls and 1 cow.
Turn 13:
> 4216
Grade: 4 bulls.
Congratulations! You guessed the secret code.
?[1;31m
Start test 3?[0m
Input the length of the secret code:
> 6
Input the number of possible symbols in the code:
> 10
062974
The secret is prepared: ****** (0-9).
Okay, let's start a game!
Turn 1:
> 000000
Grade: 1 bull and 5 cows.
Turn 2:
> 111111
Grade: None.
Turn 3:
> 222222
Grade: 1 bull and 5 cows.
Turn 4:
> 333333
Grade: None.
Turn 5:
> 444444
Grade: 1 bull and 5 cows.
Turn 6:
> 555555
Grade: None.
Turn 7:
> 666666
Grade: 1 bull and 5 cows.
Turn 8:
> 777777
Grade: 1 bull and 5 cows.
Turn 9:
> 888888
Grade: None.
Turn 10:
> 999999
Grade: 1 bull.
Turn 11:
> 024679
Grade: 2 bulls and 3 cows.
Turn 12:
> 204679
Grade: 2 bulls and 3 cows.
Turn 13:
> 402679
Grade: 3 bulls and 2 cows.
Turn 14:
> 042679
Grade: 4 bulls and 1 cow.
Turn 15:
> 240679
Grade: 3 bulls and 2 cows.
Turn 16:
> 420679
Grade: 2 bulls and 3 cows.
Turn 17:
> 620479
Grade: 1 bull and 4 cows.
Turn 18:
> 260479
Grade: 1 bull and 4 cows.
Turn 19:
> 062479
Grade: 2 bulls and 3 cows.
Turn 20:
> 602479
Grade: 2 bulls and 3 cows.
Turn 21:
> 206479
Grade: 1 bull and 4 cows.
Turn 22:
> 026479
Grade: 1 bull and 4 cows.
Turn 23:
> 046279
Grade: 2 bulls and 3 cows.
Turn 24:
> 406279
Grade: 1 bull and 4 cows.
Turn 25:
> 604279
Grade: 1 bull and 4 cows.
Turn 26:
> 064279
Grade: 1 bull and 4 cows.
Turn 27:
> 460279
Grade: 1 bull and 4 cows.
Turn 28:
> 640279
Grade: 2 bulls and 3 cows.
Turn 29:
> 642079
Grade: 3 bulls and 2 cows.
Turn 30:
> 462079
Grade: 2 bulls and 3 cows.
Turn 31:
> 264079
Grade: 1 bull and 4 cows.
Turn 32:
> 624079
Grade: 1 bull and 4 cows.
Turn 33:
> 426079
Grade: 1 bull and 4 cows.
Turn 34:
> 246079
Grade: 2 bulls and 3 cows.
Turn 35:
> 746029
Grade: 1 bull and 4 cows.
Turn 36:
> 476029
Grade: 5 cows.
Turn 37:
> 674029
Grade: 5 cows.
Turn 38:
> 764029
Grade: 5 cows.
Turn 39:
> 467029
Grade: 5 cows.
Turn 40:
> 647029
Grade: 1 bull and 4 cows.
Turn 41:
> 047629
Grade: 2 bulls and 3 cows.
Turn 42:
> 407629
Grade: 1 bull and 4 cows.
Turn 43:
> 704629
Grade: 1 bull and 4 cows.
Turn 44:
> 074629
Grade: 1 bull and 4 cows.
Turn 45:
> 470629
Grade: 1 bull and 4 cows.
Turn 46:
> 740629
Grade: 2 bulls and 3 cows.
Turn 47:
> 760429
Grade: 5 cows.
Turn 48:
> 670429
Grade: 5 cows.
Turn 49:
> 076429
Grade: 5 cows.
Turn 50:
> 706429
Grade: 5 cows.
Turn 51:
> 607429
Grade: 5 cows.
Turn 52:
> 067429
Grade: 5 cows.
Turn 53:
> 064729
Grade: 5 cows.
Turn 54:
> 604729
Grade: 5 cows.
Turn 55:
> 406729
Grade: 5 cows.
Turn 56:
> 046729
Grade: 1 bull and 4 cows.
Turn 57:
> 640729
Grade: 1 bull and 4 cows.
Turn 58:
> 460729
Grade: 5 cows.
Turn 59:
> 260749
Grade: 5 cows.
Turn 60:
> 620749
Grade: 5 cows.
Turn 61:
> 026749
Grade: 5 cows.
Turn 62:
> 206749
Grade: 5 cows.
Turn 63:
> 602749
Grade: 1 bull and 4 cows.
Turn 64:
> 062749
Grade: 1 bull and 4 cows.
Turn 65:
> 762049
Grade: 1 bull and 4 cows.
Turn 66:
> 672049
Grade: 1 bull and 4 cows.
Turn 67:
> 276049
Grade: 5 cows.
Turn 68:
> 726049
Grade: 5 cows.
Turn 69:
> 627049
Grade: 5 cows.
Turn 70:
> 267049
Grade: 5 cows.
Turn 71:
> 207649
Grade: 1 bull and 4 cows.
Turn 72:
> 027649
Grade: 1 bull and 4 cows.
Turn 73:
> 720649
Grade: 1 bull and 4 cows.
Turn 74:
> 270649
Grade: 1 bull and 4 cows.
Turn 75:
> 072649
Grade: 2 bulls and 3 cows.
Turn 76:
> 702649
Grade: 2 bulls and 3 cows.
Turn 77:
> 706249
Grade: 5 cows.
Turn 78:
> 076249
Grade: 5 cows.
Turn 79:
> 670249
Grade: 5 cows.
Turn 80:
> 760249
Grade: 5 cows.
Turn 81:
> 067249
Grade: 5 cows.
Turn 82:
> 607249
Grade: 5 cows.
Turn 83:
> 407269
Grade: 5 cows.
Turn 84:
> 047269
Grade: 1 bull and 4 cows.
Turn 85:
> 740269
Grade: 1 bull and 4 cows.
Turn 86:
> 470269
Grade: 5 cows.
Turn 87:
> 074269
Grade: 5 cows.
Turn 88:
> 704269
Grade: 5 cows.
Turn 89:
> 204769
Grade: 5 cows.
Turn 90:
> 024769
Grade: 5 cows.
Turn 91:
> 420769
Grade: 5 cows.
Turn 92:
> 240769
Grade: 1 bull and 4 cows.
Turn 93:
> 042769
Grade: 2 bulls and 3 cows.
Turn 94:
> 402769
Grade: 1 bull and 4 cows.
Turn 95:
> 472069
Grade: 1 bull and 4 cows.
Turn 96:
> 742069
Grade: 2 bulls and 3 cows.
Turn 97:
> 247069
Grade: 1 bull and 4 cows.
Turn 98:
> 427069
Grade: 5 cows.
Turn 99:
> 724069
Grade: 5 cows.
Turn 100:
> 274069
Grade: 5 cows.
Turn 101:
> 270469
Grade: 5 cows.
Turn 102:
> 720469
Grade: 5 cows.
Turn 103:
> 027469
Grade: 5 cows.
Turn 104:
> 207469
Grade: 5 cows.
Turn 105:
> 702469
Grade: 1 bull and 4 cows.
Turn 106:
> 072469
Grade: 1 bull and 4 cows.
Turn 107:
> 672409
Grade: 1 bull and 4 cows.
Turn 108:
> 762409
Grade: 1 bull and 4 cows.
Turn 109:
> 267409
Grade: 5 cows.
Turn 110:
> 627409
Grade: 5 cows.
Turn 111:
> 726409
Grade: 5 cows.
Turn 112:
> 276409
Grade: 5 cows.
Turn 113:
> 476209
Grade: 5 cows.
Turn 114:
> 746209
Grade: 1 bull and 4 cows.
Turn 115:
> 647209
Grade: 1 bull and 4 cows.
Turn 116:
> 467209
Grade: 5 cows.
Turn 117:
> 764209
Grade: 5 cows.
Turn 118:
> 674209
Grade: 5 cows.
Turn 119:
> 624709
Grade: 5 cows.
Turn 120:
> 264709
Grade: 5 cows.
Turn 121:
> 462709
Grade: 1 bull and 4 cows.
Turn 122:
> 642709
Grade: 2 bulls and 3 cows.
Turn 123:
> 246709
Grade: 1 bull and 4 cows.
Turn 124:
> 426709
Grade: 5 cows.
Turn 125:
> 427609
Grade: 1 bull and 4 cows.
Turn 126:
> 247609
Grade: 2 bulls and 3 cows.
Turn 127:
> 742609
Grade: 3 bulls and 2 cows.
Turn 128:
> 472609
Grade: 2 bulls and 3 cows.
Turn 129:
> 274609
Grade: 1 bull and 4 cows.
Turn 130:
> 724609
Grade: 1 bull and 4 cows.
Turn 131:
> 924607
Grade: 2 bulls and 4 cows.
Turn 132:
> 294607
Grade: 1 bull and 4 cows.
Turn 133:
> 492607
Grade: 2 bulls and 3 cows.
Turn 134:
> 942607
Grade: 4 bulls and 2 cows.
Turn 135:
> 249607
Grade: 2 bulls and 3 cows.
Turn 136:
> 429607
Grade: 1 bull and 4 cows.
Turn 137:
> 629407
Grade: 5 cows.
Turn 138:
> 269407
Grade: 5 cows.
Turn 139:
> 962407
Grade: 2 bulls and 4 cows.
Turn 140:
> 692407
Grade: 1 bull and 4 cows.
Turn 141:
> 296407
Grade: 5 cows.
Turn 142:
> 926407
Grade: 1 bull and 5 cows.
Turn 143:
> 946207
Grade: 2 bulls and 4 cows.
Turn 144:
> 496207
Grade: 5 cows.
Turn 145:
> 694207
Grade: 5 cows.
Turn 146:
> 964207
Grade: 1 bull and 5 cows.
Turn 147:
> 469207
Grade: 5 cows.
Turn 148:
> 649207
Grade: 1 bull and 4 cows.
Turn 149:
> 642907
Grade: 2 bulls and 3 cows.
Turn 150:
> 462907
Grade: 1 bull and 4 cows.
Turn 151:
> 264907
Grade: 5 cows.
Turn 152:
> 624907
Grade: 5 cows.
Turn 153:
> 426907
Grade: 5 cows.
Turn 154:
> 246907
Grade: 1 bull and 4 cows.
Turn 155:
> 046927
Grade: 1 bull and 4 cows.
Turn 156:
> 406927
Grade: 5 cows.
Turn 157:
> 604927
Grade: 5 cows.
Turn 158:
> 064927
Grade: 5 cows.
Turn 159:
> 460927
Grade: 5 cows.
Turn 160:
> 640927
Grade: 1 bull and 4 cows.
Turn 161:
> 940627
Grade: 3 bulls and 3 cows.
Turn 162:
> 490627
Grade: 1 bull and 4 cows.
Turn 163:
> 094627
Grade: 1 bull and 4 cows.
Turn 164:
> 904627
Grade: 2 bulls and 4 cows.
Turn 165:
> 409627
Grade: 1 bull and 4 cows.
Turn 166:
> 049627
Grade: 2 bulls and 3 cows.
Turn 167:
> 069427
Grade: 5 cows.
Turn 168:
> 609427
Grade: 5 cows.
Turn 169:
> 906427
Grade: 1 bull and 5 cows.
Turn 170:
> 096427
Grade: 5 cows.
Turn 171:
> 690427
Grade: 5 cows.
Turn 172:
> 960427
Grade: 1 bull and 5 cows.
Turn 173:
> 964027
Grade: 1 bull and 5 cows.
Turn 174:
> 694027
Grade: 5 cows.
Turn 175:
> 496027
Grade: 5 cows.
Turn 176:
> 946027
Grade: 2 bulls and 4 cows.
Turn 177:
> 649027
Grade: 1 bull and 4 cows.
Turn 178:
> 469027
Grade: 5 cows.
Turn 179:
> 269047
Grade: 5 cows.
Turn 180:
> 629047
Grade: 5 cows.
Turn 181:
> 926047
Grade: 1 bull and 5 cows.
Turn 182:
> 296047
Grade: 5 cows.
Turn 183:
> 692047
Grade: 1 bull and 4 cows.
Turn 184:
> 962047
Grade: 2 bulls and 4 cows.
Turn 185:
> 062947
Grade: 1 bull and 4 cows.
Turn 186:
> 602947
Grade: 1 bull and 4 cows.
Turn 187:
> 206947
Grade: 5 cows.
Turn 188:
> 026947
Grade: 5 cows.
Turn 189:
> 620947
Grade: 5 cows.
Turn 190:
> 260947
Grade: 5 cows.
Turn 191:
> 290647
Grade: 1 bull and 4 cows.
Turn 192:
> 920647
Grade: 2 bulls and 4 cows.
Turn 193:
> 029647
Grade: 1 bull and 4 cows.
Turn 194:
> 209647
Grade: 1 bull and 4 cows.
Turn 195:
> 902647
Grade: 3 bulls and 3 cows.
Turn 196:
> 092647
Grade: 2 bulls and 3 cows.
Turn 197:
> 096247
Grade: 5 cows.
Turn 198:
> 906247
Grade: 1 bull and 5 cows.
Turn 199:
> 609247
Grade: 5 cows.
Turn 200:
> 069247
Grade: 5 cows.
Turn 201:
> 960247
Grade: 1 bull and 5 cows.
Turn 202:
> 690247
Grade: 5 cows.
Turn 203:
> 490267
Grade: 5 cows.
Turn 204:
> 940267
Grade: 2 bulls and 4 cows.
Turn 205:
> 049267
Grade: 1 bull and 4 cows.
Turn 206:
> 409267
Grade: 5 cows.
Turn 207:
> 904267
Grade: 1 bull and 5 cows.
Turn 208:
> 094267
Grade: 5 cows.
Turn 209:
> 294067
Grade: 5 cows.
Turn 210:
> 924067
Grade: 1 bull and 5 cows.
Turn 211:
> 429067
Grade: 5 cows.
Turn 212:
> 249067
Grade: 1 bull and 4 cows.
Turn 213:
> 942067
Grade: 3 bulls and 3 cows.
Turn 214:
> 492067
Grade: 1 bull and 4 cows.
Turn 215:
> 402967
Grade: 1 bull and 4 cows.
Turn 216:
> 042967
Grade: 2 bulls and 3 cows.
Turn 217:
> 240967
Grade: 1 bull and 4 cows.
Turn 218:
> 420967
Grade: 5 cows.
Turn 219:
> 024967
Grade: 5 cows.
Turn 220:
> 204967
Grade: 5 cows.
Turn 221:
> 209467
Grade: 5 cows.
Turn 222:
> 029467
Grade: 5 cows.
Turn 223:
> 920467
Grade: 1 bull and 5 cows.
Turn 224:
> 290467
Grade: 5 cows.
Turn 225:
> 092467
Grade: 1 bull and 4 cows.
Turn 226:
> 902467
Grade: 2 bulls and 4 cows.
Turn 227:
> 602497
Grade: 1 bull and 4 cows.
Turn 228:
> 062497
Grade: 1 bull and 4 cows.
Turn 229:
> 260497
Grade: 5 cows.
Turn 230:
> 620497
Grade: 5 cows.
Turn 231:
> 026497
Grade: 5 cows.
Turn 232:
> 206497
Grade: 5 cows.
Turn 233:
> 406297
Grade: 5 cows.
Turn 234:
> 046297
Grade: 1 bull and 4 cows.
Turn 235:
> 640297
Grade: 1 bull and 4 cows.
Turn 236:
> 460297
Grade: 5 cows.
Turn 237:
> 064297
Grade: 5 cows.
Turn 238:
> 604297
Grade: 5 cows.
Turn 239:
> 624097
Grade: 5 cows.
Turn 240:
> 264097
Grade: 5 cows.
Turn 241:
> 462097
Grade: 1 bull and 4 cows.
Turn 242:
> 642097
Grade: 2 bulls and 3 cows.
Turn 243:
> 246097
Grade: 1 bull and 4 cows.
Turn 244:
> 426097
Grade: 5 cows.
Turn 245:
> 420697
Grade: 1 bull and 4 cows.
Turn 246:
> 240697
Grade: 2 bulls and 3 cows.
Turn 247:
> 042697
Grade: 3 bulls and 2 cows.
Turn 248:
> 402697
Grade: 2 bulls and 3 cows.
Turn 249:
> 204697
Grade: 1 bull and 4 cows.
Turn 250:
> 024697
Grade: 1 bull and 4 cows.
Turn 251:
> 074692
Grade: 1 bull and 4 cows.
Turn 252:
> 704692
Grade: 1 bull and 4 cows.
Turn 253:
> 407692
Grade: 1 bull and 4 cows.
Turn 254:
> 047692
Grade: 2 bulls and 3 cows.
Turn 255:
> 740692
Grade: 2 bulls and 3 cows.
Turn 256:
> 470692
Grade: 1 bull and 4 cows.
Turn 257:
> 670492
Grade: 5 cows.
Turn 258:
> 760492
Grade: 5 cows.
Turn 259:
> 067492
Grade: 5 cows.
Turn 260:
> 607492
Grade: 5 cows.
Turn 261:
> 706492
Grade: 5 cows.
Turn 262:
> 076492
Grade: 5 cows.
Turn 263:
> 046792
Grade: 1 bull and 4 cows.
Turn 264:
> 406792
Grade: 5 cows.
Turn 265:
> 604792
Grade: 5 cows.
Turn 266:
> 064792
Grade: 5 cows.
Turn 267:
> 460792
Grade: 5 cows.
Turn 268:
> 640792
Grade: 1 bull and 4 cows.
Turn 269:
> 647092
Grade: 1 bull and 4 cows.
Turn 270:
> 467092
Grade: 5 cows.
Turn 271:
> 764092
Grade: 5 cows.
Turn 272:
> 674092
Grade: 5 cows.
Turn 273:
> 476092
Grade: 5 cows.
Turn 274:
> 746092
Grade: 1 bull and 4 cows.
Turn 275:
> 946072
Grade: 3 bulls and 3 cows.
Turn 276:
> 496072
Grade: 1 bull and 4 cows.
Turn 277:
> 694072
Grade: 1 bull and 4 cows.
Turn 278:
> 964072
Grade: 2 bulls and 4 cows.
Turn 279:
> 469072
Grade: 1 bull and 4 cows.
Turn 280:
> 649072
Grade: 2 bulls and 3 cows.
Turn 281:
> 049672
Grade: 3 bulls and 2 cows.
Turn 282:
> 409672
Grade: 2 bulls and 3 cows.
Turn 283:
> 904672
Grade: 3 bulls and 3 cows.
Turn 284:
> 094672
Grade: 2 bulls and 3 cows.
Turn 285:
> 490672
Grade: 2 bulls and 3 cows.
Turn 286:
> 940672
Grade: 4 bulls and 2 cows.
Turn 287:
> 960472
Grade: 2 bulls and 4 cows.
Turn 288:
> 690472
Grade: 1 bull and 4 cows.
Turn 289:
> 096472
Grade: 1 bull and 4 cows.
Turn 290:
> 906472
Grade: 2 bulls and 4 cows.
Turn 291:
> 609472
Grade: 1 bull and 4 cows.
Turn 292:
> 069472
Grade: 1 bull and 4 cows.
Turn 293:
> 064972
Grade: 1 bull and 4 cows.
Turn 294:
> 604972
Grade: 1 bull and 4 cows.
Turn 295:
> 406972
Grade: 1 bull and 4 cows.
Turn 296:
> 046972
Grade: 2 bulls and 3 cows.
Turn 297:
> 640972
Grade: 2 bulls and 3 cows.
Turn 298:
> 460972
Grade: 1 bull and 4 cows.
Turn 299:
> 760942
Grade: 5 cows.
Turn 300:
> 670942
Grade: 5 cows.
Turn 301:
> 076942
Grade: 5 cows.
Turn 302:
> 706942
Grade: 5 cows.
Turn 303:
> 607942
Grade: 5 cows.
Turn 304:
> 067942
Grade: 5 cows.
Turn 305:
> 967042
Grade: 1 bull and 5 cows.
Turn 306:
> 697042
Grade: 5 cows.
Turn 307:
> 796042
Grade: 5 cows.
Turn 308:
> 976042
Grade: 1 bull and 5 cows.
Turn 309:
> 679042
Grade: 5 cows.
Turn 310:
> 769042
Grade: 5 cows.
Turn 311:
> 709642
Grade: 1 bull and 4 cows.
Turn 312:
> 079642
Grade: 1 bull and 4 cows.
Turn 313:
> 970642
Grade: 2 bulls and 4 cows.
Turn 314:
> 790642
Grade: 1 bull and 4 cows.
Turn 315:
> 097642
Grade: 1 bull and 4 cows.
Turn 316:
> 907642
Grade: 2 bulls and 4 cows.
Turn 317:
> 906742
Grade: 1 bull and 5 cows.
Turn 318:
> 096742
Grade: 5 cows.
Turn 319:
> 690742
Grade: 5 cows.
Turn 320:
> 960742
Grade: 1 bull and 5 cows.
Turn 321:
> 069742
Grade: 5 cows.
Turn 322:
> 609742
Grade: 5 cows.
Turn 323:
> 409762
Grade: 5 cows.
Turn 324:
> 049762
Grade: 1 bull and 4 cows.
Turn 325:
> 940762
Grade: 2 bulls and 4 cows.
Turn 326:
> 490762
Grade: 5 cows.
Turn 327:
> 094762
Grade: 5 cows.
Turn 328:
> 904762
Grade: 1 bull and 5 cows.
Turn 329:
> 704962
Grade: 5 cows.
Turn 330:
> 074962
Grade: 5 cows.
Turn 331:
> 470962
Grade: 5 cows.
Turn 332:
> 740962
Grade: 1 bull and 4 cows.
Turn 333:
> 047962
Grade: 1 bull and 4 cows.
Turn 334:
> 407962
Grade: 5 cows.
Turn 335:
> 497062
Grade: 5 cows.
Turn 336:
> 947062
Grade: 2 bulls and 4 cows.
Turn 337:
> 749062
Grade: 1 bull and 4 cows.
Turn 338:
> 479062
Grade: 5 cows.
Turn 339:
> 974062
Grade: 1 bull and 5 cows.
Turn 340:
> 794062
Grade: 5 cows.
Turn 341:
> 790462
Grade: 5 cows.
Turn 342:
> 970462
Grade: 1 bull and 5 cows.
Turn 343:
> 079462
Grade: 5 cows.
Turn 344:
> 709462
Grade: 5 cows.
Turn 345:
> 907462
Grade: 1 bull and 5 cows.
Turn 346:
> 097462
Grade: 5 cows.
Turn 347:
> 697402
Grade: 5 cows.
Turn 348:
> 967402
Grade: 1 bull and 5 cows.
Turn 349:
> 769402
Grade: 5 cows.
Turn 350:
> 679402
Grade: 5 cows.
Turn 351:
> 976402
Grade: 1 bull and 5 cows.
Turn 352:
> 796402
Grade: 5 cows.
Turn 353:
> 496702
Grade: 5 cows.
Turn 354:
> 946702
Grade: 2 bulls and 4 cows.
Turn 355:
> 649702
Grade: 1 bull and 4 cows.
Turn 356:
> 469702
Grade: 5 cows.
Turn 357:
> 964702
Grade: 1 bull and 5 cows.
Turn 358:
> 694702
Grade: 5 cows.
Turn 359:
> 674902
Grade: 5 cows.
Turn 360:
> 764902
Grade: 5 cows.
Turn 361:
> 467902
Grade: 5 cows.
Turn 362:
> 647902
Grade: 1 bull and 4 cows.
Turn 363:
> 746902
Grade: 1 bull and 4 cows.
Turn 364:
> 476902
Grade: 5 cows.
Turn 365:
> 479602
Grade: 1 bull and 4 cows.
Turn 366:
> 749602
Grade: 2 bulls and 3 cows.
Turn 367:
> 947602
Grade: 3 bulls and 3 cows.
Turn 368:
> 497602
Grade: 1 bull and 4 cows.
Turn 369:
> 794602
Grade: 1 bull and 4 cows.
Turn 370:
> 974602
Grade: 2 bulls and 4 cows.
Turn 371:
> 972604
Grade: 3 bulls and 3 cows.
Turn 372:
> 792604
Grade: 2 bulls and 3 cows.
Turn 373:
> 297604
Grade: 1 bull and 4 cows.
Turn 374:
> 927604
Grade: 2 bulls and 4 cows.
Turn 375:
> 729604
Grade: 1 bull and 4 cows.
Turn 376:
> 279604
Grade: 1 bull and 4 cows.
Turn 377:
> 679204
Grade: 5 cows.
Turn 378:
> 769204
Grade: 5 cows.
Turn 379:
> 967204
Grade: 1 bull and 5 cows.
Turn 380:
> 697204
Grade: 5 cows.
Turn 381:
> 796204
Grade: 5 cows.
Turn 382:
> 976204
Grade: 1 bull and 5 cows.
Turn 383:
> 926704
Grade: 1 bull and 5 cows.
Turn 384:
> 296704
Grade: 5 cows.
Turn 385:
> 692704
Grade: 1 bull and 4 cows.
Turn 386:
> 962704
Grade: 2 bulls and 4 cows.
Turn 387:
> 269704
Grade: 5 cows.
Turn 388:
> 629704
Grade: 5 cows.
Turn 389:
> 627904
Grade: 5 cows.
Turn 390:
> 267904
Grade: 5 cows.
Turn 391:
> 762904
Grade: 1 bull and 4 cows.
Turn 392:
> 672904
Grade: 1 bull and 4 cows.
Turn 393:
> 276904
Grade: 5 cows.
Turn 394:
> 726904
Grade: 5 cows.
Turn 395:
> 026974
Grade: 1 bull and 4 cows.
Turn 396:
> 206974
Grade: 1 bull and 4 cows.
Turn 397:
> 602974
Grade: 2 bulls and 3 cows.
Turn 398:
> 062974
Grade: 2 bulls and 3 cows.
Turn 399:
> 260974
Grade: 1 bull and 4 cows.
Turn 400:
> 620974
Grade: 1 bull and 4 cows.
Turn 401:
> 920674
Grade: 3 bulls and 3 cows.
Turn 402:
> 290674
Grade: 2 bulls and 3 cows.
Turn 403:
> 092674
Grade: 3 bulls and 2 cows.
Turn 404:
> 902674
Grade: 4 bulls and 2 cows.
Turn 405:
> 209674
Grade: 2 bulls and 3 cows.
Turn 406:
> 029674
Grade: 2 bulls and 3 cows.
Turn 407:
> 069274
Grade: 1 bull and 4 cows.
Turn 408:
> 609274
Grade: 1 bull and 4 cows.
Turn 409:
> 906274
Grade: 2 bulls and 4 cows.
Turn 410:
> 096274
Grade: 1 bull and 4 cows.
Turn 411:
> 690274
Grade: 1 bull and 4 cows.
Turn 412:
> 960274
Grade: 2 bulls and 4 cows.
Turn 413:
> 962074
Grade: 3 bulls and 3 cows.
Turn 414:
> 692074
Grade: 2 bulls and 3 cows.
Turn 415:
> 296074
Grade: 1 bull and 4 cows.
Turn 416:
> 926074
Grade: 2 bulls and 4 cows.
Turn 417:
> 629074
Grade: 1 bull and 4 cows.
Turn 418:
> 269074
Grade: 1 bull and 4 cows.
Turn 419:
> 769024
Grade: 5 cows.
Turn 420:
> 679024
Grade: 5 cows.
Turn 421:
> 976024
Grade: 1 bull and 5 cows.
Turn 422:
> 796024
Grade: 5 cows.
Turn 423:
> 697024
Grade: 5 cows.
Turn 424:
> 967024
Grade: 1 bull and 5 cows.
Turn 425:
> 067924
Grade: 5 cows.
Turn 426:
> 607924
Grade: 5 cows.
Turn 427:
> 706924
Grade: 5 cows.
Turn 428:
> 076924
Grade: 5 cows.
Turn 429:
> 670924
Grade: 5 cows.
Turn 430:
> 760924
Grade: 5 cows.
Turn 431:
> 790624
Grade: 1 bull and 4 cows.
Turn 432:
> 970624
Grade: 2 bulls and 4 cows.
Turn 433:
> 079624
Grade: 1 bull and 4 cows.
Turn 434:
> 709624
Grade: 1 bull and 4 cows.
Turn 435:
> 907624
Grade: 2 bulls and 4 cows.
Turn 436:
> 097624
Grade: 1 bull and 4 cows.
Turn 437:
> 096724
Grade: 5 cows.
Turn 438:
> 906724
Grade: 1 bull and 5 cows.
Turn 439:
> 609724
Grade: 5 cows.
Turn 440:
> 069724
Grade: 5 cows.
Turn 441:
> 960724
Grade: 1 bull and 5 cows.
Turn 442:
> 690724
Grade: 5 cows.
Turn 443:
> 290764
Grade: 5 cows.
Turn 444:
> 920764
Grade: 1 bull and 5 cows.
Turn 445:
> 029764
Grade: 5 cows.
Turn 446:
> 209764
Grade: 5 cows.
Turn 447:
> 902764
Grade: 2 bulls and 4 cows.
Turn 448:
> 092764
Grade: 1 bull and 4 cows.
Turn 449:
> 792064
Grade: 1 bull and 4 cows.
Turn 450:
> 972064
Grade: 2 bulls and 4 cows.
Turn 451:
> 279064
Grade: 5 cows.
Turn 452:
> 729064
Grade: 5 cows.
Turn 453:
> 927064
Grade: 1 bull and 5 cows.
Turn 454:
> 297064
Grade: 5 cows.
Turn 455:
> 207964
Grade: 5 cows.
Turn 456:
> 027964
Grade: 5 cows.
Turn 457:
> 720964
Grade: 5 cows.
Turn 458:
> 270964
Grade: 5 cows.
Turn 459:
> 072964
Grade: 1 bull and 4 cows.
Turn 460:
> 702964
Grade: 1 bull and 4 cows.
Turn 461:
> 709264
Grade: 5 cows.
Turn 462:
> 079264
Grade: 5 cows.
Turn 463:
> 970264
Grade: 1 bull and 5 cows.
Turn 464:
> 790264
Grade: 5 cows.
Turn 465:
> 097264
Grade: 5 cows.
Turn 466:
> 907264
Grade: 1 bull and 5 cows.
Turn 467:
> 607294
Grade: 5 cows.
Turn 468:
> 067294
Grade: 5 cows.
Turn 469:
> 760294
Grade: 5 cows.
Turn 470:
> 670294
Grade: 5 cows.
Turn 471:
> 076294
Grade: 5 cows.
Turn 472:
> 706294
Grade: 5 cows.
Turn 473:
> 206794
Grade: 5 cows.
Turn 474:
> 026794
Grade: 5 cows.
Turn 475:
> 620794
Grade: 5 cows.
Turn 476:
> 260794
Grade: 5 cows.
Turn 477:
> 062794
Grade: 1 bull and 4 cows.
Turn 478:
> 602794
Grade: 1 bull and 4 cows.
Turn 479:
> 672094
Grade: 1 bull and 4 cows.
Turn 480:
> 762094
Grade: 1 bull and 4 cows.
Turn 481:
> 267094
Grade: 5 cows.
Turn 482:
> 627094
Grade: 5 cows.
Turn 483:
> 726094
Grade: 5 cows.
Turn 484:
> 276094
Grade: 5 cows.
Turn 485:
> 270694
Grade: 1 bull and 4 cows.
Turn 486:
> 720694
Grade: 1 bull and 4 cows.
Turn 487:
> 027694
Grade: 1 bull and 4 cows.
Turn 488:
> 207694
Grade: 1 bull and 4 cows.
Turn 489:
> 702694
Grade: 2 bulls and 3 cows.
Turn 490:
> 072694
Grade: 2 bulls and 3 cows.
Turn 491:
> 072496
Grade: 1 bull and 4 cows.
Turn 492:
> 702496
Grade: 1 bull and 4 cows.
Turn 493:
> 207496
Grade: 5 cows.
Turn 494:
> 027496
Grade: 5 cows.
Turn 495:
> 720496
Grade: 5 cows.
Turn 496:
> 270496
Grade: 5 cows.
Turn 497:
> 470296
Grade: 5 cows.
Turn 498:
> 740296
Grade: 1 bull and 4 cows.
Turn 499:
> 047296
Grade: 1 bull and 4 cows.
Turn 500:
> 407296
Grade: 5 cows.
Turn 501:
> 704296
Grade: 5 cows.
Turn 502:
> 074296
Grade: 5 cows.
Turn 503:
> 024796
Grade: 5 cows.
Turn 504:
> 204796
Grade: 5 cows.
Turn 505:
> 402796
Grade: 1 bull and 4 cows.
Turn 506:
> 042796
Grade: 2 bulls and 3 cows.
Turn 507:
> 240796
Grade: 1 bull and 4 cows.
Turn 508:
> 420796
Grade: 5 cows.
Turn 509:
> 427096
Grade: 5 cows.
Turn 510:
> 247096
Grade: 1 bull and 4 cows.
Turn 511:
> 742096
Grade: 2 bulls and 3 cows.
Turn 512:
> 472096
Grade: 1 bull and 4 cows.
Turn 513:
> 274096
Grade: 5 cows.
Turn 514:
> 724096
Grade: 5 cows.
Turn 515:
> 924076
Grade: 2 bulls and 4 cows.
Turn 516:
> 294076
Grade: 1 bull and 4 cows.
Turn 517:
> 492076
Grade: 2 bulls and 3 cows.
Turn 518:
> 942076
Grade: 4 bulls and 2 cows.
Turn 519:
> 249076
Grade: 2 bulls and 3 cows.
Turn 520:
> 429076
Grade: 1 bull and 4 cows.
Turn 521:
> 029476
Grade: 1 bull and 4 cows.
Turn 522:
> 209476
Grade: 1 bull and 4 cows.
Turn 523:
> 902476
Grade: 3 bulls and 3 cows.
Turn 524:
> 092476
Grade: 2 bulls and 3 cows.
Turn 525:
> 290476
Grade: 1 bull and 4 cows.
Turn 526:
> 920476
Grade: 2 bulls and 4 cows.
Turn 527:
> 940276
Grade: 3 bulls and 3 cows.
Turn 528:
> 490276
Grade: 1 bull and 4 cows.
Turn 529:
> 094276
Grade: 1 bull and 4 cows.
Turn 530:
> 904276
Grade: 2 bulls and 4 cows.
Turn 531:
> 409276
Grade: 1 bull and 4 cows.
Turn 532:
> 049276
Grade: 2 bulls and 3 cows.
Turn 533:
> 042976
Grade: 3 bulls and 2 cows.
Turn 534:
> 402976
Grade: 2 bulls and 3 cows.
Turn 535:
> 204976
Grade: 1 bull and 4 cows.
Turn 536:
> 024976
Grade: 1 bull and 4 cows.
Turn 537:
> 420976
Grade: 1 bull and 4 cows.
Turn 538:
> 240976
Grade: 2 bulls and 3 cows.
Turn 539:
> 740926
Grade: 1 bull and 4 cows.
Turn 540:
> 470926
Grade: 5 cows.
Turn 541:
> 074926
Grade: 5 cows.
Turn 542:
> 704926
Grade: 5 cows.
Turn 543:
> 407926
Grade: 5 cows.
Turn 544:
> 047926
Grade: 1 bull and 4 cows.
Turn 545:
> 947026
Grade: 2 bulls and 4 cows.
Turn 546:
> 497026
Grade: 5 cows.
Turn 547:
> 794026
Grade: 5 cows.
Turn 548:
> 974026
Grade: 1 bull and 5 cows.
Turn 549:
> 479026
Grade: 5 cows.
Turn 550:
> 749026
Grade: 1 bull and 4 cows.
Turn 551:
> 709426
Grade: 5 cows.
Turn 552:
> 079426
Grade: 5 cows.
Turn 553:
> 970426
Grade: 1 bull and 5 cows.
Turn 554:
> 790426
Grade: 5 cows.
Turn 555:
> 097426
Grade: 5 cows.
Turn 556:
> 907426
Grade: 1 bull and 5 cows.
Turn 557:
> 904726
Grade: 1 bull and 5 cows.
Turn 558:
> 094726
Grade: 5 cows.
Turn 559:
> 490726
Grade: 5 cows.
Turn 560:
> 940726
Grade: 2 bulls and 4 cows.
Turn 561:
> 049726
Grade: 1 bull and 4 cows.
Turn 562:
> 409726
Grade: 5 cows.
Turn 563:
> 209746
Grade: 5 cows.
Turn 564:
> 029746
Grade: 5 cows.
Turn 565:
> 920746
Grade: 1 bull and 5 cows.
Turn 566:
> 290746
Grade: 5 cows.
Turn 567:
> 092746
Grade: 1 bull and 4 cows.
Turn 568:
> 902746
Grade: 2 bulls and 4 cows.
Turn 569:
> 702946
Grade: 1 bull and 4 cows.
Turn 570:
> 072946
Grade: 1 bull and 4 cows.
Turn 571:
> 270946
Grade: 5 cows.
Turn 572:
> 720946
Grade: 5 cows.
Turn 573:
> 027946
Grade: 5 cows.
Turn 574:
> 207946
Grade: 5 cows.
Turn 575:
> 297046
Grade: 5 cows.
Turn 576:
> 927046
Grade: 1 bull and 5 cows.
Turn 577:
> 729046
Grade: 5 cows.
Turn 578:
> 279046
Grade: 5 cows.
Turn 579:
> 972046
Grade: 2 bulls and 4 cows.
Turn 580:
> 792046
Grade: 1 bull and 4 cows.
Turn 581:
> 790246
Grade: 5 cows.
Turn 582:
> 970246
Grade: 1 bull and 5 cows.
Turn 583:
> 079246
Grade: 5 cows.
Turn 584:
> 709246
Grade: 5 cows.
Turn 585:
> 907246
Grade: 1 bull and 5 cows.
Turn 586:
> 097246
Grade: 5 cows.
Turn 587:
> 497206
Grade: 5 cows.
Turn 588:
> 947206
Grade: 2 bulls and 4 cows.
Turn 589:
> 749206
Grade: 1 bull and 4 cows.
Turn 590:
> 479206
Grade: 5 cows.
Turn 591:
> 974206
Grade: 1 bull and 5 cows.
Turn 592:
> 794206
Grade: 5 cows.
Turn 593:
> 294706
Grade: 5 cows.
Turn 594:
> 924706
Grade: 1 bull and 5 cows.
Turn 595:
> 429706
Grade: 5 cows.
Turn 596:
> 249706
Grade: 1 bull and 4 cows.
Turn 597:
> 942706
Grade: 3 bulls and 3 cows.
Turn 598:
> 492706
Grade: 1 bull and 4 cows.
Turn 599:
> 472906
Grade: 1 bull and 4 cows.
Turn 600:
> 742906
Grade: 2 bulls and 3 cows.
Turn 601:
> 247906
Grade: 1 bull and 4 cows.
Turn 602:
> 427906
Grade: 5 cows.
Turn 603:
> 724906
Grade: 5 cows.
Turn 604:
> 274906
Grade: 5 cows.
Turn 605:
> 279406
Grade: 5 cows.
Turn 606:
> 729406
Grade: 5 cows.
Turn 607:
> 927406
Grade: 1 bull and 5 cows.
Turn 608:
> 297406
Grade: 5 cows.
Turn 609:
> 792406
Grade: 1 bull and 4 cows.
Turn 610:
> 972406
Grade: 2 bulls and 4 cows.
Turn 611:
> 972460
Grade: 3 bulls and 3 cows.
Turn 612:
> 792460
Grade: 2 bulls and 3 cows.
Turn 613:
> 297460
Grade: 1 bull and 4 cows.
Turn 614:
> 927460
Grade: 2 bulls and 4 cows.
Turn 615:
> 729460
Grade: 1 bull and 4 cows.
Turn 616:
> 279460
Grade: 1 bull and 4 cows.
Turn 617:
> 479260
Grade: 1 bull and 4 cows.
Turn 618:
> 749260
Grade: 2 bulls and 3 cows.
Turn 619:
> 947260
Grade: 3 bulls and 3 cows.
Turn 620:
> 497260
Grade: 1 bull and 4 cows.
Turn 621:
> 794260
Grade: 1 bull and 4 cows.
Turn 622:
> 974260
Grade: 2 bulls and 4 cows.
Turn 623:
> 924760
Grade: 2 bulls and 4 cows.
Turn 624:
> 294760
Grade: 1 bull and 4 cows.
Turn 625:
> 492760
Grade: 2 bulls and 3 cows.
Turn 626:
> 942760
Grade: 4 bulls and 2 cows.
Turn 627:
> 249760
Grade: 2 bulls and 3 cows.
Turn 628:
> 429760
Grade: 1 bull and 4 cows.
Turn 629:
> 427960
Grade: 1 bull and 4 cows.
Turn 630:
> 247960
Grade: 2 bulls and 3 cows.
Turn 631:
> 742960
Grade: 3 bulls and 2 cows.
Turn 632:
> 472960
Grade: 2 bulls and 3 cows.
Turn 633:
> 274960
Grade: 1 bull and 4 cows.
Turn 634:
> 724960
Grade: 1 bull and 4 cows.
Turn 635:
> 624970
Grade: 2 bulls and 3 cows.
Turn 636:
> 264970
Grade: 2 bulls and 3 cows.
Turn 637:
> 462970
Grade: 3 bulls and 2 cows.
Turn 638:
> 642970
Grade: 4 bulls and 1 cow.
Turn 639:
> 246970
Grade: 3 bulls and 2 cows.
Turn 640:
> 426970
Grade: 2 bulls and 3 cows.
Turn 641:
> 926470
Grade: 3 bulls and 3 cows.
Turn 642:
> 296470
Grade: 2 bulls and 3 cows.
Turn 643:
> 692470
Grade: 3 bulls and 2 cows.
Turn 644:
> 962470
Grade: 4 bulls and 2 cows.
Turn 645:
> 269470
Grade: 2 bulls and 3 cows.
Turn 646:
> 629470
Grade: 2 bulls and 3 cows.
Turn 647:
> 649270
Grade: 3 bulls and 2 cows.
Turn 648:
> 469270
Grade: 2 bulls and 3 cows.
Turn 649:
> 964270
Grade: 3 bulls and 3 cows.
Turn 650:
> 694270
Grade: 2 bulls and 3 cows.
Turn 651:
> 496270
Grade: 2 bulls and 3 cows.
Turn 652:
> 946270
Grade: 4 bulls and 2 cows.
Turn 653:
> 942670
Grade: 6 bulls.
Congratulations! You guessed the secret code.
?[1;31m
Start test 4?[0m
Input the length of the secret code:
> 4
Input the number of possible symbols in the code:
> 16

dbfea
The secret is prepared: **** (0-9, a-f).
Okay, let's start a game!
Turn 1:
> 0000
]]></system-out>
  <system-err><![CDATA[]]></system-err>
</testsuite>
