<?xml version="1.0" encoding="UTF-8"?>
<testsuite name="BullsCowsTest" tests="1" skipped="0" failures="0" errors="0" timestamp="2023-12-30T21:28:19" hostname="Grogu-5103.local" time="0.281">
  <properties/>
  <testcase name="start" classname="BullsCowsTest" time="0.281"/>
  <system-out><![CDATA[?[1;31m
Start test 1?[0m
Please, enter the secret code's length:
> 1
Okay, let's start a game!
Turn 1:
> 0
Grade: None.
Turn 2:
> 1
Grade: None.
Turn 3:
> 2
Grade: None.
Turn 4:
> 3
Grade: None.
Turn 5:
> 4
Grade: None.
Turn 6:
> 5
Grade: None.
Turn 7:
> 6
Grade: None.
Turn 8:
> 7
Grade: 1 bull.
Congratulations! You guessed the secret code.
?[1;31m
Start test 2?[0m
Please, enter the secret code's length:
> 4
Okay, let's start a game!
Turn 1:
> 0000
Grade: 1 bull and 3 cowS.
Turn 2:
> 1111
Grade: 1 bull and 3 cowS.
Turn 3:
> 2222
Grade: None.
Turn 4:
> 3333
Grade: None.
Turn 5:
> 4444
Grade: None.
Turn 6:
> 5555
Grade: 1 bull.
Turn 7:
> 6666
Grade: None.
Turn 8:
> 7777
Grade: None.
Turn 9:
> 8888
Grade: 1 bull and 3 cowS.
Turn 10:
> 0158
Grade: 2 bulls and 1 cow.
Turn 11:
> 1058
Grade: 1 bull and 2 cowS.
Turn 12:
> 5018
Grade: 2 bulls and 2 cowS.
Turn 13:
> 0518
Grade: 1 bull and 2 cowS.
Turn 14:
> 1508
Grade: 2 bulls and 1 cow.
Turn 15:
> 5108
Grade: 4 bulls.
Congratulations! You guessed the secret code.
?[1;31m
Start test 3?[0m
Please, enter the secret code's length:
> 6
Okay, let's start a game!
Turn 1:
> 000000
Grade: None.
Turn 2:
> 111111
Grade: 1 bull and 5 cowS.
Turn 3:
> 222222
Grade: 1 bull and 5 cowS.
Turn 4:
> 333333
Grade: 1 bull.
Turn 5:
> 444444
Grade: None.
Turn 6:
> 555555
Grade: None.
Turn 7:
> 666666
Grade: 1 bull and 5 cowS.
Turn 8:
> 777777
Grade: 1 bull and 5 cowS.
Turn 9:
> 888888
Grade: 1 bull and 5 cowS.
Turn 10:
> 123678
Grade: 5 cows.
Turn 11:
> 213678
Grade: 5 cows.
Turn 12:
> 312678
Grade: 1 bull and 5 cowS.
Turn 13:
> 132678
Grade: 5 cows.
Turn 14:
> 231678
Grade: 1 bull and 4 cowS.
Turn 15:
> 321678
Grade: 2 bulls and 4 cowS.
Turn 16:
> 621378
Grade: 1 bull and 4 cowS.
Turn 17:
> 261378
Grade: 1 bull and 4 cowS.
Turn 18:
> 162378
Grade: 5 cows.
Turn 19:
> 612378
Grade: 5 cows.
Turn 20:
> 216378
Grade: 5 cows.
Turn 21:
> 126378
Grade: 5 cows.
Turn 22:
> 136278
Grade: 5 cows.
Turn 23:
> 316278
Grade: 1 bull and 5 cowS.
Turn 24:
> 613278
Grade: 5 cows.
Turn 25:
> 163278
Grade: 5 cows.
Turn 26:
> 361278
Grade: 2 bulls and 4 cowS.
Turn 27:
> 631278
Grade: 1 bull and 4 cowS.
Turn 28:
> 632178
Grade: 5 cows.
Turn 29:
> 362178
Grade: 1 bull and 5 cowS.
Turn 30:
> 263178
Grade: 5 cows.
Turn 31:
> 623178
Grade: 5 cows.
Turn 32:
> 326178
Grade: 1 bull and 5 cowS.
Turn 33:
> 236178
Grade: 5 cows.
Turn 34:
> 736128
Grade: 5 cows.
Turn 35:
> 376128
Grade: 2 bulls and 4 cowS.
Turn 36:
> 673128
Grade: 1 bull and 4 cowS.
Turn 37:
> 763128
Grade: 5 cows.
Turn 38:
> 367128
Grade: 1 bull and 5 cowS.
Turn 39:
> 637128
Grade: 5 cows.
Turn 40:
> 137628
Grade: 5 cows.
Turn 41:
> 317628
Grade: 1 bull and 5 cowS.
Turn 42:
> 713628
Grade: 5 cows.
Turn 43:
> 173628
Grade: 1 bull and 4 cowS.
Turn 44:
> 371628
Grade: 3 bulls and 3 cowS.
Turn 45:
> 731628
Grade: 1 bull and 4 cowS.
Turn 46:
> 761328
Grade: 1 bull and 4 cowS.
Turn 47:
> 671328
Grade: 2 bulls and 3 cowS.
Turn 48:
> 176328
Grade: 1 bull and 4 cowS.
Turn 49:
> 716328
Grade: 5 cows.
Turn 50:
> 617328
Grade: 5 cows.
Turn 51:
> 167328
Grade: 5 cows.
Turn 52:
> 163728
Grade: 5 cows.
Turn 53:
> 613728
Grade: 5 cows.
Turn 54:
> 316728
Grade: 1 bull and 5 cowS.
Turn 55:
> 136728
Grade: 5 cows.
Turn 56:
> 631728
Grade: 1 bull and 4 cowS.
Turn 57:
> 361728
Grade: 2 bulls and 4 cowS.
Turn 58:
> 261738
Grade: 1 bull and 4 cowS.
Turn 59:
> 621738
Grade: 1 bull and 4 cowS.
Turn 60:
> 126738
Grade: 5 cows.
Turn 61:
> 216738
Grade: 5 cows.
Turn 62:
> 612738
Grade: 5 cows.
Turn 63:
> 162738
Grade: 5 cows.
Turn 64:
> 762138
Grade: 5 cows.
Turn 65:
> 672138
Grade: 1 bull and 4 cowS.
Turn 66:
> 276138
Grade: 1 bull and 4 cowS.
Turn 67:
> 726138
Grade: 5 cows.
Turn 68:
> 627138
Grade: 5 cows.
Turn 69:
> 267138
Grade: 5 cows.
Turn 70:
> 217638
Grade: 5 cows.
Turn 71:
> 127638
Grade: 5 cows.
Turn 72:
> 721638
Grade: 1 bull and 4 cowS.
Turn 73:
> 271638
Grade: 2 bulls and 3 cowS.
Turn 74:
> 172638
Grade: 1 bull and 4 cowS.
Turn 75:
> 712638
Grade: 5 cows.
Turn 76:
> 716238
Grade: 5 cows.
Turn 77:
> 176238
Grade: 1 bull and 4 cowS.
Turn 78:
> 671238
Grade: 2 bulls and 3 cowS.
Turn 79:
> 761238
Grade: 1 bull and 4 cowS.
Turn 80:
> 167238
Grade: 5 cows.
Turn 81:
> 617238
Grade: 5 cows.
Turn 82:
> 317268
Grade: 2 bulls and 4 cowS.
Turn 83:
> 137268
Grade: 1 bull and 4 cowS.
Turn 84:
> 731268
Grade: 2 bulls and 3 cowS.
Turn 85:
> 371268
Grade: 4 bulls and 2 cowS.
Turn 86:
> 173268
Grade: 2 bulls and 3 cowS.
Turn 87:
> 713268
Grade: 1 bull and 4 cowS.
Turn 88:
> 213768
Grade: 1 bull and 4 cowS.
Turn 89:
> 123768
Grade: 1 bull and 4 cowS.
Turn 90:
> 321768
Grade: 3 bulls and 3 cowS.
Turn 91:
> 231768
Grade: 2 bulls and 3 cowS.
Turn 92:
> 132768
Grade: 1 bull and 4 cowS.
Turn 93:
> 312768
Grade: 2 bulls and 4 cowS.
Turn 94:
> 372168
Grade: 3 bulls and 3 cowS.
Turn 95:
> 732168
Grade: 1 bull and 4 cowS.
Turn 96:
> 237168
Grade: 1 bull and 4 cowS.
Turn 97:
> 327168
Grade: 2 bulls and 4 cowS.
Turn 98:
> 723168
Grade: 1 bull and 4 cowS.
Turn 99:
> 273168
Grade: 2 bulls and 3 cowS.
Turn 100:
> 271368
Grade: 3 bulls and 2 cowS.
Turn 101:
> 721368
Grade: 2 bulls and 3 cowS.
Turn 102:
> 127368
Grade: 1 bull and 4 cowS.
Turn 103:
> 217368
Grade: 1 bull and 4 cowS.
Turn 104:
> 712368
Grade: 1 bull and 4 cowS.
Turn 105:
> 172368
Grade: 2 bulls and 3 cowS.
Turn 106:
> 672318
Grade: 1 bull and 4 cowS.
Turn 107:
> 762318
Grade: 5 cows.
Turn 108:
> 267318
Grade: 5 cows.
Turn 109:
> 627318
Grade: 5 cows.
Turn 110:
> 726318
Grade: 5 cows.
Turn 111:
> 276318
Grade: 1 bull and 4 cowS.
Turn 112:
> 376218
Grade: 2 bulls and 4 cowS.
Turn 113:
> 736218
Grade: 5 cows.
Turn 114:
> 637218
Grade: 5 cows.
Turn 115:
> 367218
Grade: 1 bull and 5 cowS.
Turn 116:
> 763218
Grade: 5 cows.
Turn 117:
> 673218
Grade: 1 bull and 4 cowS.
Turn 118:
> 623718
Grade: 5 cows.
Turn 119:
> 263718
Grade: 5 cows.
Turn 120:
> 362718
Grade: 1 bull and 5 cowS.
Turn 121:
> 632718
Grade: 5 cows.
Turn 122:
> 236718
Grade: 5 cows.
Turn 123:
> 326718
Grade: 1 bull and 5 cowS.
Turn 124:
> 327618
Grade: 1 bull and 5 cowS.
Turn 125:
> 237618
Grade: 5 cows.
Turn 126:
> 732618
Grade: 5 cows.
Turn 127:
> 372618
Grade: 2 bulls and 4 cowS.
Turn 128:
> 273618
Grade: 1 bull and 4 cowS.
Turn 129:
> 723618
Grade: 5 cows.
Turn 130:
> 823617
Grade: 5 cows.
Turn 131:
> 283617
Grade: 5 cows.
Turn 132:
> 382617
Grade: 1 bull and 5 cowS.
Turn 133:
> 832617
Grade: 5 cows.
Turn 134:
> 238617
Grade: 5 cows.
Turn 135:
> 328617
Grade: 1 bull and 5 cowS.
Turn 136:
> 628317
Grade: 5 cows.
Turn 137:
> 268317
Grade: 5 cows.
Turn 138:
> 862317
Grade: 5 cows.
Turn 139:
> 682317
Grade: 5 cows.
Turn 140:
> 286317
Grade: 5 cows.
Turn 141:
> 826317
Grade: 5 cows.
Turn 142:
> 836217
Grade: 5 cows.
Turn 143:
> 386217
Grade: 1 bull and 5 cowS.
Turn 144:
> 683217
Grade: 5 cows.
Turn 145:
> 863217
Grade: 5 cows.
Turn 146:
> 368217
Grade: 1 bull and 5 cowS.
Turn 147:
> 638217
Grade: 5 cows.
Turn 148:
> 632817
Grade: 1 bull and 4 cowS.
Turn 149:
> 362817
Grade: 2 bulls and 4 cowS.
Turn 150:
> 263817
Grade: 1 bull and 4 cowS.
Turn 151:
> 623817
Grade: 1 bull and 4 cowS.
Turn 152:
> 326817
Grade: 2 bulls and 4 cowS.
Turn 153:
> 236817
Grade: 1 bull and 4 cowS.
Turn 154:
> 136827
Grade: 1 bull and 4 cowS.
Turn 155:
> 316827
Grade: 2 bulls and 4 cowS.
Turn 156:
> 613827
Grade: 1 bull and 4 cowS.
Turn 157:
> 163827
Grade: 1 bull and 4 cowS.
Turn 158:
> 361827
Grade: 3 bulls and 3 cowS.
Turn 159:
> 631827
Grade: 2 bulls and 3 cowS.
Turn 160:
> 831627
Grade: 1 bull and 4 cowS.
Turn 161:
> 381627
Grade: 2 bulls and 4 cowS.
Turn 162:
> 183627
Grade: 5 cows.
Turn 163:
> 813627
Grade: 5 cows.
Turn 164:
> 318627
Grade: 1 bull and 5 cowS.
Turn 165:
> 138627
Grade: 5 cows.
Turn 166:
> 168327
Grade: 5 cows.
Turn 167:
> 618327
Grade: 5 cows.
Turn 168:
> 816327
Grade: 5 cows.
Turn 169:
> 186327
Grade: 5 cows.
Turn 170:
> 681327
Grade: 1 bull and 4 cowS.
Turn 171:
> 861327
Grade: 1 bull and 4 cowS.
Turn 172:
> 863127
Grade: 5 cows.
Turn 173:
> 683127
Grade: 5 cows.
Turn 174:
> 386127
Grade: 1 bull and 5 cowS.
Turn 175:
> 836127
Grade: 5 cows.
Turn 176:
> 638127
Grade: 5 cows.
Turn 177:
> 368127
Grade: 1 bull and 5 cowS.
Turn 178:
> 268137
Grade: 5 cows.
Turn 179:
> 628137
Grade: 5 cows.
Turn 180:
> 826137
Grade: 5 cows.
Turn 181:
> 286137
Grade: 5 cows.
Turn 182:
> 682137
Grade: 5 cows.
Turn 183:
> 862137
Grade: 5 cows.
Turn 184:
> 162837
Grade: 1 bull and 4 cowS.
Turn 185:
> 612837
Grade: 1 bull and 4 cowS.
Turn 186:
> 216837
Grade: 1 bull and 4 cowS.
Turn 187:
> 126837
Grade: 1 bull and 4 cowS.
Turn 188:
> 621837
Grade: 2 bulls and 3 cowS.
Turn 189:
> 261837
Grade: 2 bulls and 3 cowS.
Turn 190:
> 281637
Grade: 1 bull and 4 cowS.
Turn 191:
> 821637
Grade: 1 bull and 4 cowS.
Turn 192:
> 128637
Grade: 5 cows.
Turn 193:
> 218637
Grade: 5 cows.
Turn 194:
> 812637
Grade: 5 cows.
Turn 195:
> 182637
Grade: 5 cows.
Turn 196:
> 186237
Grade: 5 cows.
Turn 197:
> 816237
Grade: 5 cows.
Turn 198:
> 618237
Grade: 5 cows.
Turn 199:
> 168237
Grade: 5 cows.
Turn 200:
> 861237
Grade: 1 bull and 4 cowS.
Turn 201:
> 681237
Grade: 1 bull and 4 cowS.
Turn 202:
> 381267
Grade: 3 bulls and 3 cowS.
Turn 203:
> 831267
Grade: 2 bulls and 3 cowS.
Turn 204:
> 138267
Grade: 1 bull and 4 cowS.
Turn 205:
> 318267
Grade: 2 bulls and 4 cowS.
Turn 206:
> 813267
Grade: 1 bull and 4 cowS.
Turn 207:
> 183267
Grade: 1 bull and 4 cowS.
Turn 208:
> 283167
Grade: 1 bull and 4 cowS.
Turn 209:
> 823167
Grade: 1 bull and 4 cowS.
Turn 210:
> 328167
Grade: 2 bulls and 4 cowS.
Turn 211:
> 238167
Grade: 1 bull and 4 cowS.
Turn 212:
> 832167
Grade: 1 bull and 4 cowS.
Turn 213:
> 382167
Grade: 2 bulls and 4 cowS.
Turn 214:
> 312867
Grade: 3 bulls and 3 cowS.
Turn 215:
> 132867
Grade: 2 bulls and 3 cowS.
Turn 216:
> 231867
Grade: 3 bulls and 2 cowS.
Turn 217:
> 321867
Grade: 4 bulls and 2 cowS.
Turn 218:
> 123867
Grade: 2 bulls and 3 cowS.
Turn 219:
> 213867
Grade: 2 bulls and 3 cowS.
Turn 220:
> 218367
Grade: 1 bull and 4 cowS.
Turn 221:
> 128367
Grade: 1 bull and 4 cowS.
Turn 222:
> 821367
Grade: 2 bulls and 3 cowS.
Turn 223:
> 281367
Grade: 2 bulls and 3 cowS.
Turn 224:
> 182367
Grade: 1 bull and 4 cowS.
Turn 225:
> 812367
Grade: 1 bull and 4 cowS.
Turn 226:
> 612387
Grade: 5 cows.
Turn 227:
> 162387
Grade: 5 cows.
Turn 228:
> 261387
Grade: 1 bull and 4 cowS.
Turn 229:
> 621387
Grade: 1 bull and 4 cowS.
Turn 230:
> 126387
Grade: 5 cows.
Turn 231:
> 216387
Grade: 5 cows.
Turn 232:
> 316287
Grade: 1 bull and 5 cowS.
Turn 233:
> 136287
Grade: 5 cows.
Turn 234:
> 631287
Grade: 1 bull and 4 cowS.
Turn 235:
> 361287
Grade: 2 bulls and 4 cowS.
Turn 236:
> 163287
Grade: 5 cows.
Turn 237:
> 613287
Grade: 5 cows.
Turn 238:
> 623187
Grade: 5 cows.
Turn 239:
> 263187
Grade: 5 cows.
Turn 240:
> 362187
Grade: 1 bull and 5 cowS.
Turn 241:
> 632187
Grade: 5 cows.
Turn 242:
> 236187
Grade: 5 cows.
Turn 243:
> 326187
Grade: 1 bull and 5 cowS.
Turn 244:
> 321687
Grade: 2 bulls and 4 cowS.
Turn 245:
> 231687
Grade: 1 bull and 4 cowS.
Turn 246:
> 132687
Grade: 5 cows.
Turn 247:
> 312687
Grade: 1 bull and 5 cowS.
Turn 248:
> 213687
Grade: 5 cows.
Turn 249:
> 123687
Grade: 5 cows.
Turn 250:
> 173682
Grade: 2 bulls and 3 cowS.
Turn 251:
> 713682
Grade: 1 bull and 4 cowS.
Turn 252:
> 317682
Grade: 2 bulls and 4 cowS.
Turn 253:
> 137682
Grade: 1 bull and 4 cowS.
Turn 254:
> 731682
Grade: 2 bulls and 3 cowS.
Turn 255:
> 371682
Grade: 4 bulls and 2 cowS.
Turn 256:
> 671382
Grade: 3 bulls and 2 cowS.
Turn 257:
> 761382
Grade: 2 bulls and 3 cowS.
Turn 258:
> 167382
Grade: 1 bull and 4 cowS.
Turn 259:
> 617382
Grade: 1 bull and 4 cowS.
Turn 260:
> 716382
Grade: 1 bull and 4 cowS.
Turn 261:
> 176382
Grade: 2 bulls and 3 cowS.
Turn 262:
> 136782
Grade: 1 bull and 4 cowS.
Turn 263:
> 316782
Grade: 2 bulls and 4 cowS.
Turn 264:
> 613782
Grade: 1 bull and 4 cowS.
Turn 265:
> 163782
Grade: 1 bull and 4 cowS.
Turn 266:
> 361782
Grade: 3 bulls and 3 cowS.
Turn 267:
> 631782
Grade: 2 bulls and 3 cowS.
Turn 268:
> 637182
Grade: 1 bull and 4 cowS.
Turn 269:
> 367182
Grade: 2 bulls and 4 cowS.
Turn 270:
> 763182
Grade: 1 bull and 4 cowS.
Turn 271:
> 673182
Grade: 2 bulls and 3 cowS.
Turn 272:
> 376182
Grade: 3 bulls and 3 cowS.
Turn 273:
> 736182
Grade: 1 bull and 4 cowS.
Turn 274:
> 836172
Grade: 1 bull and 4 cowS.
Turn 275:
> 386172
Grade: 2 bulls and 4 cowS.
Turn 276:
> 683172
Grade: 1 bull and 4 cowS.
Turn 277:
> 863172
Grade: 1 bull and 4 cowS.
Turn 278:
> 368172
Grade: 2 bulls and 4 cowS.
Turn 279:
> 638172
Grade: 1 bull and 4 cowS.
Turn 280:
> 138672
Grade: 1 bull and 4 cowS.
Turn 281:
> 318672
Grade: 2 bulls and 4 cowS.
Turn 282:
> 813672
Grade: 1 bull and 4 cowS.
Turn 283:
> 183672
Grade: 1 bull and 4 cowS.
Turn 284:
> 381672
Grade: 3 bulls and 3 cowS.
Turn 285:
> 831672
Grade: 2 bulls and 3 cowS.
Turn 286:
> 861372
Grade: 2 bulls and 3 cowS.
Turn 287:
> 681372
Grade: 2 bulls and 3 cowS.
Turn 288:
> 186372
Grade: 1 bull and 4 cowS.
Turn 289:
> 816372
Grade: 1 bull and 4 cowS.
Turn 290:
> 618372
Grade: 1 bull and 4 cowS.
Turn 291:
> 168372
Grade: 1 bull and 4 cowS.
Turn 292:
> 163872
Grade: 2 bulls and 3 cowS.
Turn 293:
> 613872
Grade: 2 bulls and 3 cowS.
Turn 294:
> 316872
Grade: 3 bulls and 3 cowS.
Turn 295:
> 136872
Grade: 2 bulls and 3 cowS.
Turn 296:
> 631872
Grade: 3 bulls and 2 cowS.
Turn 297:
> 361872
Grade: 4 bulls and 2 cowS.
Turn 298:
> 761832
Grade: 3 bulls and 2 cowS.
Turn 299:
> 671832
Grade: 4 bulls and 1 cow.
Turn 300:
> 176832
Grade: 3 bulls and 2 cowS.
Turn 301:
> 716832
Grade: 2 bulls and 3 cowS.
Turn 302:
> 617832
Grade: 2 bulls and 3 cowS.
Turn 303:
> 167832
Grade: 2 bulls and 3 cowS.
Turn 304:
> 867132
Grade: 1 bull and 4 cowS.
Turn 305:
> 687132
Grade: 1 bull and 4 cowS.
Turn 306:
> 786132
Grade: 1 bull and 4 cowS.
Turn 307:
> 876132
Grade: 2 bulls and 3 cowS.
Turn 308:
> 678132
Grade: 2 bulls and 3 cowS.
Turn 309:
> 768132
Grade: 1 bull and 4 cowS.
Turn 310:
> 718632
Grade: 1 bull and 4 cowS.
Turn 311:
> 178632
Grade: 2 bulls and 3 cowS.
Turn 312:
> 871632
Grade: 3 bulls and 2 cowS.
Turn 313:
> 781632
Grade: 2 bulls and 3 cowS.
Turn 314:
> 187632
Grade: 1 bull and 4 cowS.
Turn 315:
> 817632
Grade: 1 bull and 4 cowS.
Turn 316:
> 816732
Grade: 1 bull and 4 cowS.
Turn 317:
> 186732
Grade: 1 bull and 4 cowS.
Turn 318:
> 681732
Grade: 2 bulls and 3 cowS.
Turn 319:
> 861732
Grade: 2 bulls and 3 cowS.
Turn 320:
> 168732
Grade: 1 bull and 4 cowS.
Turn 321:
> 618732
Grade: 1 bull and 4 cowS.
Turn 322:
> 318762
Grade: 3 bulls and 3 cowS.
Turn 323:
> 138762
Grade: 2 bulls and 3 cowS.
Turn 324:
> 831762
Grade: 3 bulls and 2 cowS.
Turn 325:
> 381762
Grade: 4 bulls and 2 cowS.
Turn 326:
> 183762
Grade: 2 bulls and 3 cowS.
Turn 327:
> 813762
Grade: 2 bulls and 3 cowS.
Turn 328:
> 713862
Grade: 3 bulls and 2 cowS.
Turn 329:
> 173862
Grade: 4 bulls and 1 cow.
Turn 330:
> 371862
Grade: 6 bulls.
Congratulations! You guessed the secret code.
?[1;31m
Start test 4?[0m
Please, enter the secret code's length:
> 11
Error: can't generate a secret number with a length of 11 because there aren't enough unique digits.
]]></system-out>
  <system-err><![CDATA[]]></system-err>
</testsuite>
