<?xml version="1.0" encoding="UTF-8"?>
<testsuite name="BullsCowsTest" tests="1" skipped="0" failures="0" errors="0" timestamp="2023-12-29T08:43:50" hostname="Grogu-5103.local" time="0.054">
  <properties/>
  <testcase name="start" classname="BullsCowsTest" time="0.054"/>
  <system-out><![CDATA[?[1;31m
Start test 1?[0m
> 3601
?[0;34mWhy 9305? Make your own secret number :)
?[1;31m
Start test 2?[0m
> 9305
?[0;34mWhy 9305? Make your own secret number :)
?[1;31m
Start test 3?[0m
> 1246
?[0;34mWhy 9305? Make your own secret number :)
]]></system-out>
  <system-err><![CDATA[]]></system-err>
</testsuite>
